<?xml version="1.0" encoding="UTF-8"?>
<testsuite xmlns:xsi="http://www.w3.org/2001/XMLSchema-instance" xsi:noNamespaceSchemaLocation="https://maven.apache.org/surefire/maven-surefire-plugin/xsd/surefire-test-report.xsd" name="test.java.main.utils.TransactionListTest" time="0.001" tests="5" errors="0" skipped="0" failures="0">
  <properties>
[...]
</properties>
  <testcase name="testFindTransactionById" classname="test.java.main.utils.TransactionListTest" time="0"/>
  <testcase name="testTransactionListSortById" classname="test.java.main.utils.TransactionListTest" time="0"/>
  <testcase name="testAddTransaction" classname="test.java.main.utils.TransactionListTest" time="0"/>
  <testcase name="testRemoveTransaction" classname="test.java.main.utils.TransactionListTest" time="0"/>
  <testcase name="testRemoveTransactionNotFound" classname="test.java.main.utils.TransactionListTest" time="0"/>
</testsuite>